Error: no exec test
Call1024BalanceTooLow.json
--------------------------------------------------
Error: no exec test
Call1024OOG_0.json
--------------------------------------------------
Error: no exec test
Call1024OOG_1.json
--------------------------------------------------
Error: no exec test
Call1024OOG_2.json
--------------------------------------------------
Error: no exec test
Call1024OOG_3.json
--------------------------------------------------
Error: no exec test
Call1024PreCalls_0.json
--------------------------------------------------
Error: no exec test
Call1024PreCalls_1.json
--------------------------------------------------
RangeError: Invalid string length
CallLoseGasOOG.json
--------------------------------------------------
Error: no exec test
CallRecursiveBombPreCall.json
--------------------------------------------------
RangeError: Invalid string length
Callcode1024BalanceTooLow.json
--------------------------------------------------
Error: no exec test
Callcode1024OOG_0.json
--------------------------------------------------
Error: no exec test
Callcode1024OOG_1.json
--------------------------------------------------
Error: no exec test
CallcodeLoseGasOOG_0.json
--------------------------------------------------
Error: no exec test
CallcodeLoseGasOOG_1.json
--------------------------------------------------
AssertionError: expected '999999999704493210' to equal '999999999015430710'
createInitFailBadJumpDestination.json
--------------------------------------------------
AssertionError: expected '999999999704493210' to equal '999999999015430710'
createInitFailBadJumpDestination2.json
--------------------------------------------------
Error: no exec test
createInitFailStackSizeLargerThan1024.json
--------------------------------------------------
AssertionError: expected '999999999704493210' to equal '999999999015430710'
createInitFailStackUnderflow.json
--------------------------------------------------
AssertionError: expected '999999999704493210' to equal '999999999015430710'
createInitFailUndefinedInstruction2.json
--------------------------------------------------
TypeError: Cannot read properties of undefined (reading 'caller')
createJS_ExampleContract.json
--------------------------------------------------
